
-------
25/19/2019 21:19:21
-------

-- MySQL Script generated by MySQL Workbench
-- Fri Oct 25 20:31:05 2019
-- Model: New Model    Version: 1.0
-- MySQL Workbench Forward Engineering
SET @OLD_UNIQUE_CHECKS=@@UNIQUE_CHECKS, UNIQUE_CHECKS=0
SET @OLD_FOREIGN_KEY_CHECKS=@@FOREIGN_KEY_CHECKS, FOREIGN_KEY_CHECKS=0
SET @OLD_SQL_MODE=@@SQL_MODE, SQL_MODE='ONLY_FULL_GROUP_BY,STRICT_TRANS_TABLES,NO_ZERO_IN_DATE,NO_ZERO_DATE,ERROR_FOR_DIVISION_BY_ZERO,NO_ENGINE_SUBSTITUTION'
-- -----------------------------------------------------
-- Schema rotasviagens
-- -----------------------------------------------------
-- -----------------------------------------------------
-- Schema rotasviagens
-- -----------------------------------------------------
CREATE SCHEMA IF NOT EXISTS `rotasviagens` DEFAULT CHARACTER SET utf8
USE `rotasviagens`
-- -----------------------------------------------------
-- Table `rotasviagens`.`funcionario`
-- -----------------------------------------------------
CREATE TABLE IF NOT EXISTS `rotasviagens`.`funcionario` (
  `id` INT NOT NULL AUTO_INCREMENT,
  `nome` VARCHAR(100) NOT NULL,
  `cpf` VARCHAR(45) NOT NULL,
  `identidade` INT NOT NULL,
  `email` VARCHAR(50) NOT NULL,
  `senha` VARCHAR(45) NOT NULL,
  PRIMARY KEY (`id`))
ENGINE = InnoDB
-- -----------------------------------------------------
-- Table `rotasviagens`.`endereco`
-- -----------------------------------------------------
CREATE TABLE IF NOT EXISTS `rotasviagens`.`endereco` (
  `funcionario_id` INT NOT NULL,
  `rua` VARCHAR(100) NOT NULL,
  `num_casa` INT NOT NULL,
  `bairro` VARCHAR(100) NOT NULL,
  `cep` VARCHAR(100) NOT NULL,
  `cidade` VARCHAR(30) NOT NULL,
  `uf` VARCHAR(3) NOT NULL,
  INDEX `fk_endereco_funcionario_idx` (`funcionario_id` ASC) VISIBLE,
  PRIMARY KEY (`funcionario_id`),
  CONSTRAINT `fk_endereco_funcionario`
    FOREIGN KEY (`funcionario_id`)
    REFERENCES `rotasviagens`.`funcionario` (`id`)
    ON DELETE NO ACTION
    ON UPDATE NO ACTION)
ENGINE = InnoDB
SET SQL_MODE=@OLD_SQL_MODE
SET FOREIGN_KEY_CHECKS=@OLD_FOREIGN_KEY_CHECKS
SET UNIQUE_CHECKS=@OLD_UNIQUE_CHECKS
